<?xml version='1.0' encoding='UTF-8'?>
<result plugin="junit@1.18">
  <suites>
    <suite>
      <file>/var/lib/jenkins/jobs/Integration Tests/workspace/report/integration-reports.xml</file>
      <name>Mocha Tests</name>
      <duration>0.046</duration>
      <timestamp>Wed, 17 Aug 2016 09:32:55 GMT</timestamp>
      <time>0.046</time>
      <cases>
        <case>
          <duration>0.0</duration>
          <className>Integration Testing for http://0.0.0.0:8001</className>
          <testName>post object</testName>
          <skipped>false</skipped>
          <errorStackTrace>Cannot read property &apos;body&apos; of undefined
TypeError: Cannot read property &apos;body&apos; of undefined
    at test/integration/integration.js:18:26
    at Request.callback (node_modules/superagent/lib/node/index.js:587:12)
    at ClientRequest.&lt;anonymous&gt; (node_modules/superagent/lib/node/index.js:539:10)
    at Socket.socketErrorListener (_http_client.js:308:9)
    at emitErrorNT (net.js:1271:8)
    at _combinedTickCallback (internal/process/next_tick.js:74:11)
    at process._tickCallback (internal/process/next_tick.js:98:9)</errorStackTrace>
          <failedSince>4</failedSince>
        </case>
        <case>
          <duration>0.0</duration>
          <className>Integration Testing for http://0.0.0.0:8001</className>
          <testName>retrieves an object</testName>
          <skipped>false</skipped>
          <errorStackTrace>expected [Error: connect ECONNREFUSED 0.0.0.0:8001] to deeply equal null
AssertionError: expected [Error: connect ECONNREFUSED 0.0.0.0:8001] to deeply equal null
    at test/integration/integration.js:33:22
    at Request.callback (node_modules/superagent/lib/node/index.js:587:12)
    at ClientRequest.&lt;anonymous&gt; (node_modules/superagent/lib/node/index.js:539:10)
    at Socket.socketErrorListener (_http_client.js:308:9)
    at emitErrorNT (net.js:1271:8)
    at _combinedTickCallback (internal/process/next_tick.js:74:11)
    at process._tickCallback (internal/process/next_tick.js:98:9)</errorStackTrace>
          <failedSince>4</failedSince>
        </case>
        <case>
          <duration>0.0</duration>
          <className>Integration Testing for http://0.0.0.0:8001</className>
          <testName>retrieves a collection</testName>
          <skipped>false</skipped>
          <errorStackTrace>Cannot read property &apos;body&apos; of undefined
TypeError: Cannot read property &apos;body&apos; of undefined
    at test/integration/integration.js:43:26
    at Request.callback (node_modules/superagent/lib/node/index.js:587:12)
    at ClientRequest.&lt;anonymous&gt; (node_modules/superagent/lib/node/index.js:539:10)
    at Socket.socketErrorListener (_http_client.js:308:9)
    at emitErrorNT (net.js:1271:8)
    at _combinedTickCallback (internal/process/next_tick.js:74:11)
    at process._tickCallback (internal/process/next_tick.js:98:9)</errorStackTrace>
          <failedSince>4</failedSince>
        </case>
      </cases>
    </suite>
  </suites>
  <duration>0.046</duration>
  <keepLongStdio>false</keepLongStdio>
</result>