<?xml version='1.0' encoding='UTF-8'?>
<result plugin="junit@1.18">
  <suites>
    <suite>
      <file>/var/lib/jenkins/jobs/Integration Tests/workspace/report/test-integration-reports.xml</file>
      <name>Mocha Tests</name>
      <duration>0.075</duration>
      <timestamp>Thu, 18 Aug 2016 15:09:56 GMT</timestamp>
      <time>0.075</time>
      <cases>
        <case>
          <duration>0.038</duration>
          <className>express rest api server</className>
          <testName>post object</testName>
          <skipped>false</skipped>
          <failedSince>0</failedSince>
        </case>
        <case>
          <duration>0.014</duration>
          <className>express rest api server</className>
          <testName>retrieves an object</testName>
          <skipped>false</skipped>
          <failedSince>0</failedSince>
        </case>
        <case>
          <duration>0.012</duration>
          <className>express rest api server</className>
          <testName>retrieves a collection</testName>
          <skipped>false</skipped>
          <failedSince>0</failedSince>
        </case>
      </cases>
    </suite>
  </suites>
  <duration>0.075</duration>
  <keepLongStdio>false</keepLongStdio>
</result>