<?xml version='1.0' encoding='UTF-8'?>
<result plugin="junit@1.18">
  <suites>
    <suite>
      <file>/var/lib/jenkins/jobs/Integration Tests/workspace/report/integration-reports.xml</file>
      <name>Mocha Tests</name>
      <duration>0.831</duration>
      <timestamp>Wed, 17 Aug 2016 09:35:51 GMT</timestamp>
      <time>0.831</time>
      <cases>
        <case>
          <duration>0.299</duration>
          <className>Integration Testing for http://crud-node-6-node6-restful.apps.10.2.2.2.xip.io</className>
          <testName>post object</testName>
          <skipped>false</skipped>
          <failedSince>0</failedSince>
        </case>
        <case>
          <duration>0.323</duration>
          <className>Integration Testing for http://crud-node-6-node6-restful.apps.10.2.2.2.xip.io</className>
          <testName>retrieves an object</testName>
          <skipped>false</skipped>
          <failedSince>0</failedSince>
        </case>
        <case>
          <duration>0.202</duration>
          <className>Integration Testing for http://crud-node-6-node6-restful.apps.10.2.2.2.xip.io</className>
          <testName>retrieves a collection</testName>
          <skipped>false</skipped>
          <failedSince>0</failedSince>
        </case>
      </cases>
    </suite>
  </suites>
  <duration>0.831</duration>
  <keepLongStdio>false</keepLongStdio>
</result>