<?xml version='1.0' encoding='UTF-8'?>
<result plugin="junit@1.18">
  <suites>
    <suite>
      <file>/var/lib/jenkins/jobs/testing-nodejs/workspace/report/report.xml</file>
      <name>Testing DB Functions</name>
      <duration>0.037</duration>
      <timestamp>2016-08-15T13:39:25</timestamp>
      <time>0.037</time>
      <cases>
        <case>
          <duration>0.037</duration>
          <className>&quot;before all&quot; hook</className>
          <testName>Root Suite Testing DB Functions &quot;before all&quot; hook</testName>
          <skipped>false</skipped>
          <errorStackTrace>MongoError: failed to connect to server [localhost:27018] on first connect
    at .&lt;anonymous&gt; (node_modules/mongodb-core/lib/topologies/server.js:308:35)
    at .&lt;anonymous&gt; (node_modules/mongodb-core/lib/connection/pool.js:254:12)
    at Socket.&lt;anonymous&gt; (node_modules/mongodb-core/lib/connection/connection.js:150:49)
    at emitErrorNT (net.js:1271:8)
    at _combinedTickCallback (internal/process/next_tick.js:74:11)
    at process._tickCallback (internal/process/next_tick.js:98:9)</errorStackTrace>
          <failedSince>0</failedSince>
        </case>
      </cases>
    </suite>
  </suites>
  <duration>0.037</duration>
  <keepLongStdio>false</keepLongStdio>
</result>