<?xml version='1.0' encoding='UTF-8'?>
<result plugin="junit@1.18">
  <suites>
    <suite>
      <file>/var/lib/jenkins/jobs/testing-nodejs/workspace/report/test-reports.xml</file>
      <name>Mocha Tests</name>
      <duration>0.486</duration>
      <timestamp>Wed, 17 Aug 2016 21:24:39 GMT</timestamp>
      <time>0.486</time>
      <cases>
        <case>
          <duration>0.473</duration>
          <className>Testing DB Functions</className>
          <testName>&quot;before all&quot; hook</testName>
          <skipped>false</skipped>
          <errorStackTrace>failed to connect to server [mongodb-node6-restful.apps.10.2.2.2.xip.io:27017] on first connect
MongoError: failed to connect to server [mongodb-node6-restful.apps.10.2.2.2.xip.io:27017] on first connect
    at .&lt;anonymous&gt; (node_modules/mongodb-core/lib/topologies/server.js:308:35)
    at .&lt;anonymous&gt; (node_modules/mongodb-core/lib/connection/pool.js:254:12)
    at Socket.&lt;anonymous&gt; (node_modules/mongodb-core/lib/connection/connection.js:150:49)
    at emitErrorNT (net.js:1271:8)
    at _combinedTickCallback (internal/process/next_tick.js:74:11)
    at process._tickCallback (internal/process/next_tick.js:98:9)</errorStackTrace>
          <failedSince>0</failedSince>
        </case>
      </cases>
    </suite>
  </suites>
  <duration>0.486</duration>
  <keepLongStdio>false</keepLongStdio>
</result>