<?xml version='1.0' encoding='UTF-8'?>
<result plugin="junit@1.18">
  <suites>
    <suite>
      <name>test-reports.xml</name>
      <stdout></stdout>
      <stderr></stderr>
      <duration>0.0</duration>
      <cases>
        <case>
          <duration>0.0</duration>
          <className>test-reports.xml</className>
          <testName>[empty]</testName>
          <skipped>false</skipped>
          <errorStackTrace>Test report file /var/lib/jenkins/jobs/testing-nodejs/workspace/report/test-reports.xml was length 0</errorStackTrace>
          <errorDetails></errorDetails>
          <failedSince>0</failedSince>
        </case>
      </cases>
    </suite>
  </suites>
  <duration>0.0</duration>
  <keepLongStdio>false</keepLongStdio>
</result>