<?xml version='1.0' encoding='UTF-8'?>
<result plugin="junit@1.18">
  <suites>
    <suite>
      <file>/var/lib/jenkins/jobs/testing-nodejs/workspace/report/test-reports.xml</file>
      <name>Mocha Tests</name>
      <duration>0.615</duration>
      <timestamp>Thu, 18 Aug 2016 02:33:01 GMT</timestamp>
      <time>0.615</time>
      <cases>
        <case>
          <duration>0.55</duration>
          <className>Testing DB Functions</className>
          <testName>&quot;before all&quot; hook</testName>
          <skipped>false</skipped>
          <errorStackTrace>the object {
  &quot;bin&quot;: [undefined]
  &quot;err&quot;: &quot;socketHandler&quot;
  &quot;parseState&quot;: {
    &quot;bytesRead&quot;: [undefined]
    &quot;sizeOfMessage&quot;: 1347703880
    &quot;stubBuffer&quot;: [undefined]
  }
  &quot;trace&quot;: &quot;&quot;
} was thrown, throw an Error :)
Error: the object {
  &quot;bin&quot;: [undefined]
  &quot;err&quot;: &quot;socketHandler&quot;
  &quot;parseState&quot;: {
    &quot;bytesRead&quot;: [undefined]
    &quot;sizeOfMessage&quot;: 1347703880
    &quot;stubBuffer&quot;: [undefined]
  }
  &quot;trace&quot;: &quot;&quot;
} was thrown, throw an Error :)
    at process._tickCallback (internal/process/next_tick.js:103:7)</errorStackTrace>
          <failedSince>0</failedSince>
        </case>
      </cases>
    </suite>
  </suites>
  <duration>0.615</duration>
  <keepLongStdio>false</keepLongStdio>
</result>