<?xml version='1.0' encoding='UTF-8'?>
<result plugin="junit@1.18">
  <suites>
    <suite>
      <file>/var/lib/jenkins/jobs/testing-nodejs/workspace/report/test-reports.xml</file>
      <name>Mocha Tests</name>
      <duration>0.156</duration>
      <timestamp>Thu, 18 Aug 2016 03:37:06 GMT</timestamp>
      <time>0.156</time>
      <cases>
        <case>
          <duration>0.002</duration>
          <className>Testing DB Functions</className>
          <testName>testing db#findById handling non-db case</testName>
          <skipped>false</skipped>
          <failedSince>0</failedSince>
        </case>
        <case>
          <duration>0.001</duration>
          <className>Testing DB Functions</className>
          <testName>testing db#findById handling empty parameters case</testName>
          <skipped>false</skipped>
          <failedSince>0</failedSince>
        </case>
        <case>
          <duration>0.005</duration>
          <className>Testing DB Functions</className>
          <testName>testing db#create with empty id should generate an error.</testName>
          <skipped>false</skipped>
          <failedSince>0</failedSince>
        </case>
        <case>
          <duration>0.007</duration>
          <className>Testing DB Functions</className>
          <testName>testing db#findById</testName>
          <skipped>false</skipped>
          <failedSince>0</failedSince>
        </case>
        <case>
          <duration>0.004</duration>
          <className>Testing DB Functions</className>
          <testName>testing db#exist</testName>
          <skipped>false</skipped>
          <failedSince>0</failedSince>
        </case>
        <case>
          <duration>0.002</duration>
          <className>Testing DB Functions</className>
          <testName>testing db#find</testName>
          <skipped>false</skipped>
          <failedSince>0</failedSince>
        </case>
      </cases>
    </suite>
  </suites>
  <duration>0.156</duration>
  <keepLongStdio>false</keepLongStdio>
</result>